<?xml version="1.0" encoding="UTF-8"?>
<testsuite name="ru.netology.testing.uiautomator.AndroidTestsAppium" tests="2" skipped="0" failures="0" errors="0" timestamp="2023-12-20T17:55:29" hostname="Air-Natalia" time="26.014">
  <properties/>
  <testcase name="testNotChangeTextWithEmptyField()" classname="ru.netology.testing.uiautomator.AndroidTestsAppium" time="12.597"/>
  <testcase name="testShouldOpenChangedTextInAnotherActivity()" classname="ru.netology.testing.uiautomator.AndroidTestsAppium" time="13.414"/>
  <system-out><![CDATA[]]></system-out>
  <system-err><![CDATA[дек. 20, 2023 9:55:37 PM io.appium.java_client.remote.AppiumCommandExecutor$1 lambda$0
INFO: Detected dialect: W3C
дек. 20, 2023 9:55:49 PM io.appium.java_client.remote.AppiumCommandExecutor$1 lambda$0
INFO: Detected dialect: W3C
]]></system-err>
</testsuite>
